[debug] [2023-06-05T22:01:37.600Z] ----------------------------------------------------------------------
[debug] [2023-06-05T22:01:37.603Z] Command:       C:\Program Files\nodejs\node.exe C:\Users\maxon\AppData\Roaming\npm\node_modules\firebase-tools\lib\bin\firebase.js init
[debug] [2023-06-05T22:01:37.603Z] CLI Version:   12.3.0
[debug] [2023-06-05T22:01:37.603Z] Platform:      win32
[debug] [2023-06-05T22:01:37.603Z] Node Version:  v20.2.0
[debug] [2023-06-05T22:01:37.603Z] Time:          Mon Jun 05 2023 17:01:37 GMT-0500 (Central Daylight Time)
[debug] [2023-06-05T22:01:37.603Z] ----------------------------------------------------------------------
[debug] 
[debug] [2023-06-05T22:01:37.609Z] > command requires scopes: ["email","openid","https://www.googleapis.com/auth/cloudplatformprojects.readonly","https://www.googleapis.com/auth/firebase","https://www.googleapis.com/auth/cloud-platform"]
[debug] [2023-06-05T22:01:37.609Z] > authorizing via signed-in user (maxonkeith@gmail.com)
[info] 
     ######## #### ########  ######## ########     ###     ######  ########
     ##        ##  ##     ## ##       ##     ##  ##   ##  ##       ##
     ######    ##  ########  ######   ########  #########  ######  ######
     ##        ##  ##    ##  ##       ##     ## ##     ##       ## ##
     ##       #### ##     ## ######## ########  ##     ##  ######  ########

You're about to initialize a Firebase project in this directory:

  C:\Users\maxon\OneDrive\Documents\VS Code Projects\random quote generator

[info] 
=== Project Setup
[info] 
[info] First, let's associate this project directory with a Firebase project.
[info] You can create multiple project aliases by running firebase use --add, 
[info] but for now we'll just set up a default project.
[info] 
[debug] [2023-06-05T22:01:46.798Z] >>> [apiv2][query] GET https://firebase.googleapis.com/v1beta1/projects pageSize=100
[debug] [2023-06-05T22:01:47.242Z] <<< [apiv2][status] GET https://firebase.googleapis.com/v1beta1/projects 200
[debug] [2023-06-05T22:01:47.244Z] <<< [apiv2][body] GET https://firebase.googleapis.com/v1beta1/projects [omitted]
[info] i  Using project random-quote-generator-29545 (random quote generator) 
[info] 
=== Hosting Setup
[info] 
[info] Your public directory is the folder (relative to your project directory) that
[info] will contain Hosting assets to be uploaded with firebase deploy. If you
[info] have a build process for your assets, use your build's output directory.
[info] 
